<?xml version="1.0" encoding="UTF-8"?>
<!-- Generated by org.testng.reporters.JUnitReportReporter -->
<testsuite hostname="DESKTOP-E57FEQI" failures="0" tests="4" name="TestNG.dataProviderAnnotations" time="0.040" errors="0" timestamp="2022-08-31T06:50:34 IST" skipped="0">
  <testcase classname="TestNG.dataProviderAnnotations" name="TC1" time="0.023"/>
  <system-out/>
  <testcase classname="TestNG.dataProviderAnnotations" name="TC1" time="0.005"/>
  <system-out/>
  <testcase classname="TestNG.dataProviderAnnotations" name="TC1" time="0.004"/>
  <system-out/>
  <testcase classname="TestNG.dataProviderAnnotations" name="TC1" time="0.008"/>
  <system-out/>
</testsuite> <!-- TestNG.dataProviderAnnotations -->
