<?xml version="1.0" encoding="UTF-8"?>
<!-- Generated by org.testng.reporters.JUnitReportReporter -->
<testsuite hostname="DESKTOP-E57FEQI" failures="0" tests="3" name="TestNG.sample1" time="0.039" errors="0" timestamp="2022-08-29T20:45:06 IST" skipped="0">
  <testcase classname="TestNG.sample1" name="TC2" time="0.004"/>
  <system-out/>
  <testcase classname="TestNG.sample1" name="TC1" time="0.027"/>
  <system-out/>
  <testcase classname="TestNG.sample1" name="TC3" time="0.008"/>
  <system-out/>
</testsuite> <!-- TestNG.sample1 -->
