<?xml version="1.0" encoding="UTF-8"?>
<!-- Generated by org.testng.reporters.JUnitReportReporter -->
<testsuite hostname="DESKTOP-E57FEQI" failures="0" tests="1" name="TestNG.TestNG_Test_Class" time="0.036" errors="0" timestamp="2022-08-26T21:02:27 IST" skipped="0">
  <testcase classname="TestNG.TestNG_Test_Class" name="test" time="0.036"/>
  <system-out>
    <![CDATA[quantum academy]]>
  </system-out>
</testsuite> <!-- TestNG.TestNG_Test_Class -->
