<?xml version="1.0" encoding="UTF-8"?>
<!-- Generated by org.testng.reporters.JUnitReportReporter -->
<testsuite hostname="DESKTOP-E57FEQI" failures="0" tests="1" name="DDF_POM_TestNG_BASE_UTILITY_Class.KiteLoginTest" time="47.300" errors="0" timestamp="2022-09-02T20:43:22 IST" skipped="0">
  <testcase classname="DDF_POM_TestNG_BASE_UTILITY_Class.KiteLoginTest" name="test" time="47.300"/>
  <system-out/>
</testsuite> <!-- DDF_POM_TestNG_BASE_UTILITY_Class.KiteLoginTest -->
