<?xml version="1.0" encoding="UTF-8"?>
<!-- Generated by org.testng.reporters.JUnitReportReporter -->
<testsuite hostname="DESKTOP-E57FEQI" failures="0" tests="1" name="TestNG.Parallel2" time="60.654" errors="0" timestamp="2022-08-30T20:23:53 IST" skipped="0">
  <testcase classname="TestNG.Parallel2" name="TC2" time="60.654"/>
  <system-out/>
</testsuite> <!-- TestNG.Parallel2 -->
