<?xml version="1.0" encoding="UTF-8"?>
<!-- Generated by org.testng.reporters.JUnitReportReporter -->
<testsuite hostname="DESKTOP-E57FEQI" failures="0" tests="2" name="TestNG.TestNG_Group" time="0.048" errors="0" timestamp="2022-08-30T20:36:25 IST" skipped="0">
  <testcase classname="TestNG.TestNG_Group" name="TC1" time="0.035"/>
  <system-out/>
  <testcase classname="TestNG.TestNG_Group" name="TC4" time="0.013"/>
  <system-out/>
</testsuite> <!-- TestNG.TestNG_Group -->
