<?xml version="1.0" encoding="UTF-8"?>
<!-- Generated by org.testng.reporters.JUnitReportReporter -->
<testsuite hostname="DESKTOP-E57FEQI" failures="0" tests="3" name="TestNG.sample3" time="0.022" errors="0" timestamp="2022-08-29T20:45:06 IST" skipped="0">
  <testcase classname="TestNG.sample3" name="TC10" time="0.007"/>
  <system-out/>
  <testcase classname="TestNG.sample3" name="TC9" time="0.008"/>
  <system-out/>
  <testcase classname="TestNG.sample3" name="TC8" time="0.007"/>
  <system-out/>
</testsuite> <!-- TestNG.sample3 -->
